<?xml version="1.0" encoding="UTF-8"?>
<!-- Generated by org.testng.reporters.JUnitXMLReporter -->
<testsuite ignored="3" hostname="DESKTOP-TCC86SQ" failures="0" tests="2" name="Default test" time="30.014" errors="0" timestamp="2024-04-24T13:53:48 TRT">
  <testcase classname="bankingPackage.BankingTestCases" name="customerTest" time="6.832"/>
  <testcase classname="bankingPackage.BankingTestCases" name="addDeposit" time="20.694"/>
  <testcase classname="bankingPackage.BankingTestCases" name="managerTest" time="0.0">
    <ignored/>
  </testcase> <!-- managerTest -->
  <testcase classname="bankingPackage.BankingTestCases" name="addAccount" time="0.0">
    <ignored/>
  </testcase> <!-- addAccount -->
  <testcase classname="bankingPackage.BankingTestCases" name="deleteCustomer" time="0.0">
    <ignored/>
  </testcase> <!-- deleteCustomer -->
</testsuite> <!-- Default test -->
